<?xml version="1.0" encoding="UTF-8"?>
<!-- Generated by org.testng.reporters.JUnitReportReporter -->
<testsuite skipped="0" hostname="LAPTOP-G87SNGCF" name="com.sdet.rupeek.test.GetAllUsers" tests="1" failures="0" timestamp="24 Apr 2020 13:37:43 GMT" time="2.632" errors="0">
  <testcase name="getAllUsers" time="2.632" classname="com.sdet.rupeek.test.GetAllUsers"/>
</testsuite> <!-- com.sdet.rupeek.test.GetAllUsers -->
